<?xml version="1.0" encoding="UTF-8"?>
<testsuite xmlns:xsi="http://www.w3.org/2001/XMLSchema-instance" xsi:noNamespaceSchemaLocation="https://maven.apache.org/surefire/maven-surefire-plugin/xsd/surefire-test-report.xsd" name="runner.TestRunner" time="300.894" tests="14" errors="0" skipped="0" failures="0">
  <properties>
[...]
</properties>
  <testcase name="Logging into the application with valid credentials #1" classname="Login Functionality" time="76.433"/>
  <testcase name="Logging into the application with valid credentials #2" classname="Login Functionality" time="17.551"/>
  <testcase name="Logging into the application with valid credentials #3" classname="Login Functionality" time="16.467"/>
  <testcase name="Logging into the application with invalid credential" classname="Login Functionality" time="16.273"/>
  <testcase name="Logging into the application with invalid emailId and valid password" classname="Login Functionality" time="13.109"/>
  <testcase name="Logging into the application with valid emailId and invalid password" classname="Login Functionality" time="22.66"/>
  <testcase name="Logging into the application without providing any credentials" classname="Login Functionality" time="15.807"/>
  <testcase name="User create an account by providing only mandatory fields" classname="Registration functionality" time="20.463"/>
  <testcase name="User create an account by providing all fields" classname="Registration functionality" time="15.923"/>
  <testcase name="User create an account by providing existing email" classname="Registration functionality" time="16.594"/>
  <testcase name="User create an account without providing details" classname="Registration functionality" time="20.804"/>
  <testcase name="User search for valid product" classname="Search Functionality" time="13.418"/>
  <testcase name="User search for non existing product" classname="Search Functionality" time="14.022"/>
  <testcase name="User search wihtout prviding data in search field" classname="Search Functionality" time="13.52"/>
</testsuite>